<?xml version="1.0" encoding="UTF-8"?>
<!-- Generated by org.testng.reporters.JUnitReportReporter -->
<testsuite skipped="0" hostname="DESKTOP-0ET4NJV" name="week5.day1.CreateLead" tests="3" failures="0" timestamp="2020-01-24T23:17:25 IST" time="77.248" errors="0">
  <testcase name="runCreateLead" time="26.440" classname="week5.day1.CreateLead"/>
  <testcase name="runCreateLead" time="25.086" classname="week5.day1.CreateLead"/>
  <testcase name="runCreateLead" time="25.722" classname="week5.day1.CreateLead"/>
</testsuite> <!-- week5.day1.CreateLead -->
