<?xml version="1.0" encoding="UTF-8"?>
<!-- Generated by org.testng.reporters.JUnitReportReporter -->
<testsuite skipped="0" hostname="DESKTOP-0ET4NJV" name="runner.RunTest" tests="4" failures="0" timestamp="2020-01-29T00:08:30 IST" time="75.469" errors="0">
  <testcase name="runScenario" time="14.826" classname="runner.RunTest"/>
  <testcase name="runScenario" time="20.330" classname="runner.RunTest"/>
  <testcase name="runScenario" time="17.851" classname="runner.RunTest"/>
  <testcase name="runScenario" time="22.462" classname="runner.RunTest"/>
</testsuite> <!-- runner.RunTest -->
