<?xml version="1.0" encoding="UTF-8"?>
<!-- Generated by org.testng.reporters.JUnitReportReporter -->
<testsuite skipped="0" hostname="DESKTOP-0ET4NJV" name="runner.CreateLeadRunTest" tests="1" failures="0" timestamp="2020-01-25T11:11:11 IST" time="15.711" errors="0">
  <testcase name="runScenario" time="15.711" classname="runner.CreateLeadRunTest"/>
</testsuite> <!-- runner.CreateLeadRunTest -->
