<?xml version="1.0" encoding="UTF-8"?>
<!-- Generated by org.testng.reporters.JUnitReportReporter -->
<testsuite skipped="0" hostname="DESKTOP-0ET4NJV" name="week4.day2.CreateLead" tests="3" failures="0" timestamp="2020-01-12T14:06:15 IST" time="83.017" errors="0">
  <testcase name="runCreateLead" time="26.617" classname="week4.day2.CreateLead"/>
  <testcase name="runCreateLead" time="25.212" classname="week4.day2.CreateLead"/>
  <testcase name="runCreateLead" time="31.188" classname="week4.day2.CreateLead"/>
</testsuite> <!-- week4.day2.CreateLead -->
