<?xml version="1.0" encoding="UTF-8"?>
<!-- Generated by org.testng.reporters.JUnitReportReporter -->
<testsuite skipped="0" hostname="DESKTOP-0ET4NJV" name="week5.day1.EditLead" tests="3" failures="0" timestamp="2020-01-24T23:17:25 IST" time="105.988" errors="0">
  <testcase name="runEditLead" time="35.580" classname="week5.day1.EditLead"/>
  <testcase name="runEditLead" time="35.378" classname="week5.day1.EditLead"/>
  <testcase name="runEditLead" time="35.030" classname="week5.day1.EditLead"/>
</testsuite> <!-- week5.day1.EditLead -->
