<?xml version="1.0" encoding="UTF-8"?>
<!-- Generated by org.testng.reporters.JUnitReportReporter -->
<testsuite skipped="0" hostname="DESKTOP-0ET4NJV" name="week4.day2.EditLead" tests="1" failures="0" timestamp="2020-01-12T12:38:01 IST" time="40.058" errors="0">
  <testcase name="runEditLead" time="40.058" classname="week4.day2.EditLead"/>
</testsuite> <!-- week4.day2.EditLead -->
